<?xml version="1.0" encoding="UTF-8" standalone="no"?><testsuite errors="1" failures="0" name="Yo como usuario realizo compra en la pagina demoblaze" skipped="0" tests="1" time="1.83" timestamp="2023-03-31 12:55:18"><testcase name="Compra exitosa utilizando el carrito"><error message="Unable to establish websocket connection to http://localhost:51175/devtools/browser/2d581b13-68f3-4065-b966-65d280d8f0da&#10;Build info: version: '4.1.3', revision: '7b1ebf28ef'&#10;System info: host: 'LAPTOP-A54QGF3D', ip: '172.22.128.1', os.name: 'Windows 10', os.arch: 'amd64', os.version: '10.0', java.version: '18.0.1.1'&#10;Driver info: driver.version: ChromeDriver&#10;Build info: version: '4.1.3', revision: '7b1ebf28ef'&#10;System info: host: 'LAPTOP-A54QGF3D', ip: '172.22.128.1', os.name: 'Windows 10', os.arch: 'amd64', os.version: '10.0', java.version: '18.0.1.1'&#10;Driver info: driver.version: unknown" type="org.openqa.selenium.remote.http.ConnectionFailedException">Unable to establish websocket connection to http://localhost:51175/devtools/browser/2d581b13-68f3-4065-b966-65d280d8f0da
Build info: version: '4.1.3', revision: '7b1ebf28ef'
System info: host: 'LAPTOP-A54QGF3D', ip: '172.22.128.1', os.name: 'Windows 10', os.arch: 'amd64', os.version: '10.0', java.version: '18.0.1.1'
Driver info: driver.version: ChromeDriver
Build info: version: '4.1.3', revision: '7b1ebf28ef'
System info: host: 'LAPTOP-A54QGF3D', ip: '172.22.128.1', os.name: 'Windows 10', os.arch: 'amd64', os.version: '10.0', java.version: '18.0.1.1'
Driver info: driver.version: unknown</error><system-err>Unable to establish websocket connection to http://localhost:51175/devtools/browser/2d581b13-68f3-4065-b966-65d280d8f0da
Build info: version: '4.1.3', revision: '7b1ebf28ef'
System info: host: 'LAPTOP-A54QGF3D', ip: '172.22.128.1', os.name: 'Windows 10', os.arch: 'amd64', os.version: '10.0', java.version: '18.0.1.1'
Driver info: driver.version: ChromeDriver
Build info: version: '4.1.3', revision: '7b1ebf28ef'
System info: host: 'LAPTOP-A54QGF3D', ip: '172.22.128.1', os.name: 'Windows 10', os.arch: 'amd64', os.version: '10.0', java.version: '18.0.1.1'
Driver info: driver.version: unknown&#13;
com.bdd.steps.SwagLabsSteps.openPage(SwagLabsSteps.java:20)&#13;
com.bdd.stepdefinitions.SwagLabsStepdefs.queingresoaSwagLabs(SwagLabsStepdefs.java:16)&#13;
✽.que ingreso a SwagLabs(file:///C:/Users/Jose%20Vilchez/Desktop/ODYBANK/AUTOMATIZACIONODYBANK/CAPACITACION/Capacitacion01/src/test/resources/features/compras.feature:7)&#13;
</system-err></testcase></testsuite>